Build started 30-May-15 14:59:43.
     1>Project "D:\zzzProiecte\ProiectOOP\ProiectOOP\Punct\Punct\Punct.vcxproj" on node 2 (Build target(s)).
     1>ClCompile:
         C:\Program Files (x86)\Microsoft Visual Studio 12.0\VC\bin\CL.exe /c /ZI /nologo /W3 /WX- /Od /Oy- /D WIN32 /D _DEBUG /D _CONSOLE /D _UNICODE /D UNICODE /Gm /EHsc /RTC1 /MDd /GS /fp:precise /Zc:wchar_t /Zc:forScope /Fo"Debug\\" /Fd"Debug\vc120.pdb" /Gd /TP /analyze- /errorReport:prompt Main.cpp
         Main.cpp
     1>d:\zzzproiecte\proiectoop\proiectoop\punct\punct\main.cpp(10): warning C4996: 'fopen': This function or variable may be unsafe. Consider using fopen_s instead. To disable deprecation, use _CRT_SECURE_NO_WARNINGS. See online help for details.
                 c:\program files (x86)\microsoft visual studio 12.0\vc\include\stdio.h(211) : see declaration of 'fopen'
     1>d:\zzzproiecte\proiectoop\proiectoop\punct\punct\main.cpp(14): warning C4996: 'fscanf': This function or variable may be unsafe. Consider using fscanf_s instead. To disable deprecation, use _CRT_SECURE_NO_WARNINGS. See online help for details.
                 c:\program files (x86)\microsoft visual studio 12.0\vc\include\stdio.h(230) : see declaration of 'fscanf'
     1>d:\zzzproiecte\proiectoop\proiectoop\punct\punct\main.cpp(18): warning C4996: 'fscanf': This function or variable may be unsafe. Consider using fscanf_s instead. To disable deprecation, use _CRT_SECURE_NO_WARNINGS. See online help for details.
                 c:\program files (x86)\microsoft visual studio 12.0\vc\include\stdio.h(230) : see declaration of 'fscanf'
     1>d:\zzzproiecte\proiectoop\proiectoop\punct\punct\main.cpp(24): warning C4996: 'fscanf': This function or variable may be unsafe. Consider using fscanf_s instead. To disable deprecation, use _CRT_SECURE_NO_WARNINGS. See online help for details.
                 c:\program files (x86)\microsoft visual studio 12.0\vc\include\stdio.h(230) : see declaration of 'fscanf'
     1>d:\zzzproiecte\proiectoop\proiectoop\punct\punct\main.cpp(29): warning C4018: '<' : signed/unsigned mismatch
       Link:
         C:\Program Files (x86)\Microsoft Visual Studio 12.0\VC\bin\link.exe /ERRORREPORT:PROMPT /OUT:"D:\zzzProiecte\ProiectOOP\ProiectOOP\Punct\Debug\Punct.exe" /INCREMENTAL /NOLOGO kernel32.lib user32.lib gdi32.lib winspool.lib comdlg32.lib advapi32.lib shell32.lib ole32.lib oleaut32.lib uuid.lib odbc32.lib odbccp32.lib /MANIFEST /MANIFESTUAC:"level='asInvoker' uiAccess='false'" /manifest:embed /DEBUG /PDB:"D:\zzzProiecte\ProiectOOP\ProiectOOP\Punct\Debug\Punct.pdb" /SUBSYSTEM:CONSOLE /TLBID:1 /DYNAMICBASE /NXCOMPAT /IMPLIB:"D:\zzzProiecte\ProiectOOP\ProiectOOP\Punct\Debug\Punct.lib" /MACHINE:X86 Debug\Main.obj
         Debug\Punct2D.obj
         Debug\Punct2DColorat.obj
         Punct.vcxproj -> D:\zzzProiecte\ProiectOOP\ProiectOOP\Punct\Debug\Punct.exe
     1>Done Building Project "D:\zzzProiecte\ProiectOOP\ProiectOOP\Punct\Punct\Punct.vcxproj" (Build target(s)).

Build succeeded.

Time Elapsed 00:00:02.03
