Build started 30/05/2015 10:45:48 AM.
     1>Project "D:\GitHub1\Stiva\Stiva\Stiva.vcxproj" on node 2 (build target(s)).
     1>InitializeBuildStatus:
         Creating "Debug\Stiva.unsuccessfulbuild" because "AlwaysCreate" was specified.
       ClCompile:
         C:\Program Files\Microsoft Visual Studio 10.0\VC\bin\CL.exe /c /ZI /nologo /W3 /WX- /Od /Oy- /D WIN32 /D _DEBUG /D _CONSOLE /D _UNICODE /D UNICODE /Gm /EHsc /RTC1 /MDd /GS /fp:precise /Zc:wchar_t /Zc:forScope /Fo"Debug\\" /Fd"Debug\vc100.pdb" /Gd /TP /analyze- /errorReport:prompt C:\Users\Andrei\Downloads\coada.cpp
         coada.cpp
       ManifestResourceCompile:
         All outputs are up-to-date.
       Link:
         C:\Program Files\Microsoft Visual Studio 10.0\VC\bin\link.exe /ERRORREPORT:PROMPT /OUT:"D:\GitHub1\Stiva\Debug\Stiva.exe" /INCREMENTAL /NOLOGO kernel32.lib user32.lib gdi32.lib winspool.lib comdlg32.lib advapi32.lib shell32.lib ole32.lib oleaut32.lib uuid.lib odbc32.lib odbccp32.lib /MANIFEST /ManifestFile:"Debug\Stiva.exe.intermediate.manifest" /MANIFESTUAC:"level='asInvoker' uiAccess='false'" /DEBUG /PDB:"D:\GitHub1\Stiva\Debug\Stiva.pdb" /SUBSYSTEM:CONSOLE /TLBID:1 /DYNAMICBASE /NXCOMPAT /IMPLIB:"D:\GitHub1\Stiva\Debug\Stiva.lib" /MACHINE:X86 Debug\Stiva.exe.embed.manifest.res
         Debug\coada.obj
       Manifest:
         C:\Program Files\Microsoft SDKs\Windows\v7.0A\bin\mt.exe /nologo /verbose /out:"Debug\Stiva.exe.embed.manifest" /manifest Debug\Stiva.exe.intermediate.manifest
         All outputs are up-to-date.
       LinkEmbedManifest:
         All outputs are up-to-date.
         Stiva.vcxproj -> D:\GitHub1\Stiva\Debug\Stiva.exe
       FinalizeBuildStatus:
         Deleting file "Debug\Stiva.unsuccessfulbuild".
         Touching "Debug\Stiva.lastbuildstate".
     1>Done Building Project "D:\GitHub1\Stiva\Stiva\Stiva.vcxproj" (build target(s)).

Build succeeded.

Time Elapsed 00:00:00.89
