D:\GITHUB1\COMPUTERPARTS\COMPUTERPARTS\DEBUG\COMPUTERPART.OBJ
D:\GITHUB1\COMPUTERPARTS\COMPUTERPARTS\DEBUG\COMPUTERPARTS.EXE.EMBED.MANIFEST.RES
D:\GITHUB1\COMPUTERPARTS\COMPUTERPARTS\DEBUG\DISPLAY.OBJ
D:\GITHUB1\COMPUTERPARTS\COMPUTERPARTS\DEBUG\EXTERNALHDD.OBJ
D:\GITHUB1\COMPUTERPARTS\COMPUTERPARTS\DEBUG\HASMEMORY.OBJ
D:\GITHUB1\COMPUTERPARTS\COMPUTERPARTS\DEBUG\HDD.OBJ
D:\GITHUB1\COMPUTERPARTS\COMPUTERPARTS\DEBUG\KEYBOARD.OBJ
D:\GITHUB1\COMPUTERPARTS\COMPUTERPARTS\DEBUG\MOUSE.OBJ
D:\GITHUB1\COMPUTERPARTS\COMPUTERPARTS\DEBUG\VC100.PDB
D:\GitHub1\ProiectOOP\ComputerParts\ComputerParts\Debug\cl.command.1.tlog
D:\GitHub1\ProiectOOP\ComputerParts\ComputerParts\Debug\CL.read.1.tlog
D:\GitHub1\ProiectOOP\ComputerParts\ComputerParts\Debug\CL.write.1.tlog
D:\GITHUB1\PROIECTOOP\COMPUTERPARTS\COMPUTERPARTS\DEBUG\COMPUTERPART.OBJ
D:\GITHUB1\PROIECTOOP\COMPUTERPARTS\COMPUTERPARTS\DEBUG\COMPUTERPARTS.EXE.EMBED.MANIFEST
D:\GITHUB1\PROIECTOOP\COMPUTERPARTS\COMPUTERPARTS\DEBUG\COMPUTERPARTS.EXE.EMBED.MANIFEST.RES
D:\GITHUB1\PROIECTOOP\COMPUTERPARTS\COMPUTERPARTS\DEBUG\COMPUTERPARTS.EXE.INTERMEDIATE.MANIFEST
D:\GitHub1\ProiectOOP\ComputerParts\ComputerParts\Debug\ComputerParts.vcxprojResolveAssemblyReference.cache
D:\GitHub1\ProiectOOP\ComputerParts\ComputerParts\Debug\ComputerParts.write.1.tlog
D:\GitHub1\ProiectOOP\ComputerParts\ComputerParts\Debug\ComputerParts_manifest.rc
D:\GITHUB1\PROIECTOOP\COMPUTERPARTS\COMPUTERPARTS\DEBUG\DISPLAY.OBJ
D:\GITHUB1\PROIECTOOP\COMPUTERPARTS\COMPUTERPARTS\DEBUG\EXTERNALHDD.OBJ
D:\GITHUB1\PROIECTOOP\COMPUTERPARTS\COMPUTERPARTS\DEBUG\HASBUTTONS.OBJ
D:\GITHUB1\PROIECTOOP\COMPUTERPARTS\COMPUTERPARTS\DEBUG\HASMEMORY.OBJ
D:\GITHUB1\PROIECTOOP\COMPUTERPARTS\COMPUTERPARTS\DEBUG\HDD.OBJ
D:\GITHUB1\PROIECTOOP\COMPUTERPARTS\COMPUTERPARTS\DEBUG\KEYBOARD.OBJ
D:\GitHub1\ProiectOOP\ComputerParts\ComputerParts\Debug\link.2864.read.1.tlog
D:\GitHub1\ProiectOOP\ComputerParts\ComputerParts\Debug\link.2864.write.1.tlog
D:\GitHub1\ProiectOOP\ComputerParts\ComputerParts\Debug\link.2864-cvtres.read.1.tlog
D:\GitHub1\ProiectOOP\ComputerParts\ComputerParts\Debug\link.2864-cvtres.write.1.tlog
D:\GitHub1\ProiectOOP\ComputerParts\ComputerParts\Debug\link.3016.read.1.tlog
D:\GitHub1\ProiectOOP\ComputerParts\ComputerParts\Debug\link.3016.write.1.tlog
D:\GitHub1\ProiectOOP\ComputerParts\ComputerParts\Debug\link.3016-cvtres.read.1.tlog
D:\GitHub1\ProiectOOP\ComputerParts\ComputerParts\Debug\link.3016-cvtres.write.1.tlog
D:\GitHub1\ProiectOOP\ComputerParts\ComputerParts\Debug\link.3060.read.1.tlog
D:\GitHub1\ProiectOOP\ComputerParts\ComputerParts\Debug\link.3060.write.1.tlog
D:\GitHub1\ProiectOOP\ComputerParts\ComputerParts\Debug\link.3060-cvtres.read.1.tlog
D:\GitHub1\ProiectOOP\ComputerParts\ComputerParts\Debug\link.3060-cvtres.write.1.tlog
D:\GitHub1\ProiectOOP\ComputerParts\ComputerParts\Debug\link.4040.read.1.tlog
D:\GitHub1\ProiectOOP\ComputerParts\ComputerParts\Debug\link.4040.write.1.tlog
D:\GitHub1\ProiectOOP\ComputerParts\ComputerParts\Debug\link.4040-cvtres.read.1.tlog
D:\GitHub1\ProiectOOP\ComputerParts\ComputerParts\Debug\link.4040-cvtres.write.1.tlog
D:\GitHub1\ProiectOOP\ComputerParts\ComputerParts\Debug\link.4332.read.1.tlog
D:\GitHub1\ProiectOOP\ComputerParts\ComputerParts\Debug\link.4332.write.1.tlog
D:\GitHub1\ProiectOOP\ComputerParts\ComputerParts\Debug\link.4332-cvtres.read.1.tlog
D:\GitHub1\ProiectOOP\ComputerParts\ComputerParts\Debug\link.4332-cvtres.write.1.tlog
D:\GitHub1\ProiectOOP\ComputerParts\ComputerParts\Debug\link.5868.read.1.tlog
D:\GitHub1\ProiectOOP\ComputerParts\ComputerParts\Debug\link.5868.write.1.tlog
D:\GitHub1\ProiectOOP\ComputerParts\ComputerParts\Debug\link.5868-cvtres.read.1.tlog
D:\GitHub1\ProiectOOP\ComputerParts\ComputerParts\Debug\link.5868-cvtres.write.1.tlog
D:\GitHub1\ProiectOOP\ComputerParts\ComputerParts\Debug\link.5964.read.1.tlog
D:\GitHub1\ProiectOOP\ComputerParts\ComputerParts\Debug\link.5964.write.1.tlog
D:\GitHub1\ProiectOOP\ComputerParts\ComputerParts\Debug\link.5964-cvtres.read.1.tlog
D:\GitHub1\ProiectOOP\ComputerParts\ComputerParts\Debug\link.5964-cvtres.write.1.tlog
D:\GitHub1\ProiectOOP\ComputerParts\ComputerParts\Debug\link.command.1.tlog
D:\GitHub1\ProiectOOP\ComputerParts\ComputerParts\Debug\link.read.1.tlog
D:\GitHub1\ProiectOOP\ComputerParts\ComputerParts\Debug\link.write.1.tlog
D:\GitHub1\ProiectOOP\ComputerParts\ComputerParts\Debug\link-cvtres.read.1.tlog
D:\GitHub1\ProiectOOP\ComputerParts\ComputerParts\Debug\link-cvtres.write.1.tlog
D:\GITHUB1\PROIECTOOP\COMPUTERPARTS\COMPUTERPARTS\DEBUG\MAIN.OBJ
D:\GITHUB1\PROIECTOOP\COMPUTERPARTS\COMPUTERPARTS\DEBUG\MOUSE.OBJ
D:\GitHub1\ProiectOOP\ComputerParts\ComputerParts\Debug\mt.command.1.tlog
D:\GitHub1\ProiectOOP\ComputerParts\ComputerParts\Debug\mt.read.1.tlog
D:\GitHub1\ProiectOOP\ComputerParts\ComputerParts\Debug\mt.write.1.tlog
D:\GitHub1\ProiectOOP\ComputerParts\ComputerParts\Debug\rc.command.1.tlog
D:\GitHub1\ProiectOOP\ComputerParts\ComputerParts\Debug\rc.read.1.tlog
D:\GitHub1\ProiectOOP\ComputerParts\ComputerParts\Debug\rc.write.1.tlog
D:\GitHub1\ProiectOOP\ComputerParts\ComputerParts\Debug\vc100.idb
D:\GITHUB1\PROIECTOOP\COMPUTERPARTS\COMPUTERPARTS\DEBUG\VC100.PDB
D:\GitHub1\ProiectOOP\ComputerParts\ComputerParts\Debug\vc120.idb
D:\GitHub1\ProiectOOP\ComputerParts\ComputerParts\Debug\vc120.pdb
D:\GITHUB1\PROIECTOOP\COMPUTERPARTS\DEBUG\COMPUTERPARTS.EXE
D:\GITHUB1\PROIECTOOP\COMPUTERPARTS\DEBUG\COMPUTERPARTS.ILK
D:\GITHUB1\PROIECTOOP\COMPUTERPARTS\DEBUG\COMPUTERPARTS.PDB
